<?xml version="1.0" encoding="UTF-8"?>
<!-- Generated by org.testng.reporters.JUnitReportReporter -->
<testsuite hostname="TCL60016622054" failures="0" tests="1" name="ngptest.mySanityTest" time="161.366" errors="0" timestamp="2021-01-05T10:19:27 IST" skipped="0">
  <testcase classname="ngptest.mySanityTest" name="f" time="161.366"/>
  <system-out>
Default method run  </system-out>
</testsuite> <!-- ngptest.mySanityTest -->
